[ERROR] 2017-12-19 09:11:53,855 method:me.w1992wishes.webgrowth.chapter02.service.CustomerService.createCustomer(CustomerService.java:100)
execute sql query failure
java.sql.SQLException: Can not issue data manipulation statements with executeQuery().
	at com.mysql.jdbc.SQLError.createSQLException(SQLError.java:964)
	at com.mysql.jdbc.SQLError.createSQLException(SQLError.java:897)
	at com.mysql.jdbc.SQLError.createSQLException(SQLError.java:886)
	at com.mysql.jdbc.SQLError.createSQLException(SQLError.java:860)
	at com.mysql.jdbc.StatementImpl.checkForDml(StatementImpl.java:463)
	at com.mysql.jdbc.PreparedStatement.executeQuery(PreparedStatement.java:1926)
	at me.w1992wishes.webgrowth.chapter02.service.CustomerService.createCustomer(CustomerService.java:97)
	at me.w1992wishes.webgrowth.chapter02.test.CustomerServiceTest.createCustomerTest(CustomerServiceTest.java:48)
	at sun.reflect.NativeMethodAccessorImpl.invoke0(Native Method)
	at sun.reflect.NativeMethodAccessorImpl.invoke(NativeMethodAccessorImpl.java:62)
	at sun.reflect.DelegatingMethodAccessorImpl.invoke(DelegatingMethodAccessorImpl.java:43)
	at java.lang.reflect.Method.invoke(Method.java:498)
	at org.junit.runners.model.FrameworkMethod$1.runReflectiveCall(FrameworkMethod.java:50)
	at org.junit.internal.runners.model.ReflectiveCallable.run(ReflectiveCallable.java:12)
	at org.junit.runners.model.FrameworkMethod.invokeExplosively(FrameworkMethod.java:47)
	at org.junit.internal.runners.statements.InvokeMethod.evaluate(InvokeMethod.java:17)
	at org.junit.internal.runners.statements.RunBefores.evaluate(RunBefores.java:26)
	at org.junit.runners.ParentRunner.runLeaf(ParentRunner.java:325)
	at org.junit.runners.BlockJUnit4ClassRunner.runChild(BlockJUnit4ClassRunner.java:78)
	at org.junit.runners.BlockJUnit4ClassRunner.runChild(BlockJUnit4ClassRunner.java:57)
	at org.junit.runners.ParentRunner$3.run(ParentRunner.java:290)
	at org.junit.runners.ParentRunner$1.schedule(ParentRunner.java:71)
	at org.junit.runners.ParentRunner.runChildren(ParentRunner.java:288)
	at org.junit.runners.ParentRunner.access$000(ParentRunner.java:58)
	at org.junit.runners.ParentRunner$2.evaluate(ParentRunner.java:268)
	at org.junit.runners.ParentRunner.run(ParentRunner.java:363)
	at org.junit.runner.JUnitCore.run(JUnitCore.java:137)
	at com.intellij.junit4.JUnit4IdeaTestRunner.startRunnerWithArgs(JUnit4IdeaTestRunner.java:68)
	at com.intellij.rt.execution.junit.IdeaTestRunner$Repeater.startRunnerWithArgs(IdeaTestRunner.java:51)
	at com.intellij.rt.execution.junit.JUnitStarter.prepareStreamsAndStart(JUnitStarter.java:237)
	at com.intellij.rt.execution.junit.JUnitStarter.main(JUnitStarter.java:70)
[INFO ] 2017-12-19 10:50:21,697 method:me.w1992wishes.webgrowth.chapter02.helper.DatabaseHelper2.insertEntity(DatabaseHelper2.java:162)
INSERT INTO Customer(contact, name, telephone, email)(? , ? , ? , ? )
[ERROR] 2017-12-19 10:50:21,995 method:me.w1992wishes.webgrowth.chapter02.helper.DatabaseHelper2.executeUpdate(DatabaseHelper2.java:130)
execute update failure
java.sql.SQLException: You have an error in your SQL syntax; check the manual that corresponds to your MySQL server version for the right syntax to use near ''Bob' , 'customer100' , '13233334444' , 'bob@jmail.com' )' at line 1 Query: INSERT INTO Customer(contact, name, telephone, email)(? , ? , ? , ? ) Parameters: [Bob, customer100, 13233334444, bob@jmail.com]
	at org.apache.commons.dbutils.AbstractQueryRunner.rethrow(AbstractQueryRunner.java:392)
	at org.apache.commons.dbutils.QueryRunner.update(QueryRunner.java:491)
	at org.apache.commons.dbutils.QueryRunner.update(QueryRunner.java:404)
	at me.w1992wishes.webgrowth.chapter02.helper.DatabaseHelper2.executeUpdate(DatabaseHelper2.java:128)
	at me.w1992wishes.webgrowth.chapter02.helper.DatabaseHelper2.insertEntity(DatabaseHelper2.java:165)
	at me.w1992wishes.webgrowth.chapter02.service.CustomerService.createCustomer2(CustomerService.java:137)
	at me.w1992wishes.webgrowth.chapter02.test.CustomerServiceTest.createCustomer2Test(CustomerServiceTest.java:72)
	at sun.reflect.NativeMethodAccessorImpl.invoke0(Native Method)
	at sun.reflect.NativeMethodAccessorImpl.invoke(NativeMethodAccessorImpl.java:62)
	at sun.reflect.DelegatingMethodAccessorImpl.invoke(DelegatingMethodAccessorImpl.java:43)
	at java.lang.reflect.Method.invoke(Method.java:498)
	at org.junit.runners.model.FrameworkMethod$1.runReflectiveCall(FrameworkMethod.java:50)
	at org.junit.internal.runners.model.ReflectiveCallable.run(ReflectiveCallable.java:12)
	at org.junit.runners.model.FrameworkMethod.invokeExplosively(FrameworkMethod.java:47)
	at org.junit.internal.runners.statements.InvokeMethod.evaluate(InvokeMethod.java:17)
	at org.junit.internal.runners.statements.RunBefores.evaluate(RunBefores.java:26)
	at org.junit.runners.ParentRunner.runLeaf(ParentRunner.java:325)
	at org.junit.runners.BlockJUnit4ClassRunner.runChild(BlockJUnit4ClassRunner.java:78)
	at org.junit.runners.BlockJUnit4ClassRunner.runChild(BlockJUnit4ClassRunner.java:57)
	at org.junit.runners.ParentRunner$3.run(ParentRunner.java:290)
	at org.junit.runners.ParentRunner$1.schedule(ParentRunner.java:71)
	at org.junit.runners.ParentRunner.runChildren(ParentRunner.java:288)
	at org.junit.runners.ParentRunner.access$000(ParentRunner.java:58)
	at org.junit.runners.ParentRunner$2.evaluate(ParentRunner.java:268)
	at org.junit.runners.ParentRunner.run(ParentRunner.java:363)
	at org.junit.runner.JUnitCore.run(JUnitCore.java:137)
	at com.intellij.junit4.JUnit4IdeaTestRunner.startRunnerWithArgs(JUnit4IdeaTestRunner.java:68)
	at com.intellij.rt.execution.junit.IdeaTestRunner$Repeater.startRunnerWithArgs(IdeaTestRunner.java:51)
	at com.intellij.rt.execution.junit.JUnitStarter.prepareStreamsAndStart(JUnitStarter.java:237)
	at com.intellij.rt.execution.junit.JUnitStarter.main(JUnitStarter.java:70)
[INFO ] 2017-12-19 10:54:18,999 method:me.w1992wishes.webgrowth.chapter02.helper.DatabaseHelper2.insertEntity(DatabaseHelper2.java:162)
INSERT INTO customer(contact, name, telephone, email)(? , ? , ? , ? )
[ERROR] 2017-12-19 10:54:19,273 method:me.w1992wishes.webgrowth.chapter02.helper.DatabaseHelper2.executeUpdate(DatabaseHelper2.java:130)
execute update failure
java.sql.SQLException: You have an error in your SQL syntax; check the manual that corresponds to your MySQL server version for the right syntax to use near ''Bob' , 'customer100' , '13233334444' , 'bob@jmail.com' )' at line 1 Query: INSERT INTO customer(contact, name, telephone, email)(? , ? , ? , ? ) Parameters: [Bob, customer100, 13233334444, bob@jmail.com]
	at org.apache.commons.dbutils.AbstractQueryRunner.rethrow(AbstractQueryRunner.java:392)
	at org.apache.commons.dbutils.QueryRunner.update(QueryRunner.java:491)
	at org.apache.commons.dbutils.QueryRunner.update(QueryRunner.java:404)
	at me.w1992wishes.webgrowth.chapter02.helper.DatabaseHelper2.executeUpdate(DatabaseHelper2.java:128)
	at me.w1992wishes.webgrowth.chapter02.helper.DatabaseHelper2.insertEntity(DatabaseHelper2.java:165)
	at me.w1992wishes.webgrowth.chapter02.service.CustomerService.createCustomer2(CustomerService.java:137)
	at me.w1992wishes.webgrowth.chapter02.test.CustomerServiceTest.createCustomer2Test(CustomerServiceTest.java:72)
	at sun.reflect.NativeMethodAccessorImpl.invoke0(Native Method)
	at sun.reflect.NativeMethodAccessorImpl.invoke(NativeMethodAccessorImpl.java:62)
	at sun.reflect.DelegatingMethodAccessorImpl.invoke(DelegatingMethodAccessorImpl.java:43)
	at java.lang.reflect.Method.invoke(Method.java:498)
	at org.junit.runners.model.FrameworkMethod$1.runReflectiveCall(FrameworkMethod.java:50)
	at org.junit.internal.runners.model.ReflectiveCallable.run(ReflectiveCallable.java:12)
	at org.junit.runners.model.FrameworkMethod.invokeExplosively(FrameworkMethod.java:47)
	at org.junit.internal.runners.statements.InvokeMethod.evaluate(InvokeMethod.java:17)
	at org.junit.internal.runners.statements.RunBefores.evaluate(RunBefores.java:26)
	at org.junit.runners.ParentRunner.runLeaf(ParentRunner.java:325)
	at org.junit.runners.BlockJUnit4ClassRunner.runChild(BlockJUnit4ClassRunner.java:78)
	at org.junit.runners.BlockJUnit4ClassRunner.runChild(BlockJUnit4ClassRunner.java:57)
	at org.junit.runners.ParentRunner$3.run(ParentRunner.java:290)
	at org.junit.runners.ParentRunner$1.schedule(ParentRunner.java:71)
	at org.junit.runners.ParentRunner.runChildren(ParentRunner.java:288)
	at org.junit.runners.ParentRunner.access$000(ParentRunner.java:58)
	at org.junit.runners.ParentRunner$2.evaluate(ParentRunner.java:268)
	at org.junit.runners.ParentRunner.run(ParentRunner.java:363)
	at org.junit.runner.JUnitCore.run(JUnitCore.java:137)
	at com.intellij.junit4.JUnit4IdeaTestRunner.startRunnerWithArgs(JUnit4IdeaTestRunner.java:68)
	at com.intellij.rt.execution.junit.IdeaTestRunner$Repeater.startRunnerWithArgs(IdeaTestRunner.java:51)
	at com.intellij.rt.execution.junit.JUnitStarter.prepareStreamsAndStart(JUnitStarter.java:237)
	at com.intellij.rt.execution.junit.JUnitStarter.main(JUnitStarter.java:70)
[ERROR] 2017-12-19 10:54:56,024 method:me.w1992wishes.webgrowth.chapter02.service.CustomerService.createCustomer(CustomerService.java:124)
execute sql query failure
java.sql.SQLException: Field 'id' doesn't have a default value
	at com.mysql.jdbc.SQLError.createSQLException(SQLError.java:964)
	at com.mysql.jdbc.MysqlIO.checkErrorPacket(MysqlIO.java:3970)
	at com.mysql.jdbc.MysqlIO.checkErrorPacket(MysqlIO.java:3906)
	at com.mysql.jdbc.MysqlIO.sendCommand(MysqlIO.java:2524)
	at com.mysql.jdbc.MysqlIO.sqlQueryDirect(MysqlIO.java:2677)
	at com.mysql.jdbc.ConnectionImpl.execSQL(ConnectionImpl.java:2549)
	at com.mysql.jdbc.PreparedStatement.executeInternal(PreparedStatement.java:1861)
	at com.mysql.jdbc.PreparedStatement.executeUpdateInternal(PreparedStatement.java:2073)
	at com.mysql.jdbc.PreparedStatement.executeUpdateInternal(PreparedStatement.java:2009)
	at com.mysql.jdbc.PreparedStatement.executeLargeUpdate(PreparedStatement.java:5098)
	at com.mysql.jdbc.PreparedStatement.executeUpdate(PreparedStatement.java:1994)
	at me.w1992wishes.webgrowth.chapter02.service.CustomerService.createCustomer(CustomerService.java:121)
	at me.w1992wishes.webgrowth.chapter02.test.CustomerServiceTest.createCustomerTest(CustomerServiceTest.java:61)
	at sun.reflect.NativeMethodAccessorImpl.invoke0(Native Method)
	at sun.reflect.NativeMethodAccessorImpl.invoke(NativeMethodAccessorImpl.java:62)
	at sun.reflect.DelegatingMethodAccessorImpl.invoke(DelegatingMethodAccessorImpl.java:43)
	at java.lang.reflect.Method.invoke(Method.java:498)
	at org.junit.runners.model.FrameworkMethod$1.runReflectiveCall(FrameworkMethod.java:50)
	at org.junit.internal.runners.model.ReflectiveCallable.run(ReflectiveCallable.java:12)
	at org.junit.runners.model.FrameworkMethod.invokeExplosively(FrameworkMethod.java:47)
	at org.junit.internal.runners.statements.InvokeMethod.evaluate(InvokeMethod.java:17)
	at org.junit.internal.runners.statements.RunBefores.evaluate(RunBefores.java:26)
	at org.junit.runners.ParentRunner.runLeaf(ParentRunner.java:325)
	at org.junit.runners.BlockJUnit4ClassRunner.runChild(BlockJUnit4ClassRunner.java:78)
	at org.junit.runners.BlockJUnit4ClassRunner.runChild(BlockJUnit4ClassRunner.java:57)
	at org.junit.runners.ParentRunner$3.run(ParentRunner.java:290)
	at org.junit.runners.ParentRunner$1.schedule(ParentRunner.java:71)
	at org.junit.runners.ParentRunner.runChildren(ParentRunner.java:288)
	at org.junit.runners.ParentRunner.access$000(ParentRunner.java:58)
	at org.junit.runners.ParentRunner$2.evaluate(ParentRunner.java:268)
	at org.junit.runners.ParentRunner.run(ParentRunner.java:363)
	at org.junit.runner.JUnitCore.run(JUnitCore.java:137)
	at com.intellij.junit4.JUnit4IdeaTestRunner.startRunnerWithArgs(JUnit4IdeaTestRunner.java:68)
	at com.intellij.rt.execution.junit.IdeaTestRunner$Repeater.startRunnerWithArgs(IdeaTestRunner.java:51)
	at com.intellij.rt.execution.junit.JUnitStarter.prepareStreamsAndStart(JUnitStarter.java:237)
	at com.intellij.rt.execution.junit.JUnitStarter.main(JUnitStarter.java:70)
[INFO ] 2017-12-19 10:58:31,603 method:me.w1992wishes.webgrowth.chapter02.helper.DatabaseHelper2.insertEntity(DatabaseHelper2.java:162)
INSERT INTO customer(contact, name, telephone, email)(? , ? , ? , ? )
[ERROR] 2017-12-19 10:58:31,877 method:me.w1992wishes.webgrowth.chapter02.helper.DatabaseHelper2.executeUpdate(DatabaseHelper2.java:130)
execute update failure
java.sql.SQLException: You have an error in your SQL syntax; check the manual that corresponds to your MySQL server version for the right syntax to use near ''Bob' , 'customer200' , '13233334444' , 'bob@jmail.com' )' at line 1 Query: INSERT INTO customer(contact, name, telephone, email)(? , ? , ? , ? ) Parameters: [Bob, customer200, 13233334444, bob@jmail.com]
	at org.apache.commons.dbutils.AbstractQueryRunner.rethrow(AbstractQueryRunner.java:392)
	at org.apache.commons.dbutils.QueryRunner.update(QueryRunner.java:491)
	at org.apache.commons.dbutils.QueryRunner.update(QueryRunner.java:404)
	at me.w1992wishes.webgrowth.chapter02.helper.DatabaseHelper2.executeUpdate(DatabaseHelper2.java:128)
	at me.w1992wishes.webgrowth.chapter02.helper.DatabaseHelper2.insertEntity(DatabaseHelper2.java:165)
	at me.w1992wishes.webgrowth.chapter02.service.CustomerService.createCustomer2(CustomerService.java:137)
	at me.w1992wishes.webgrowth.chapter02.test.CustomerServiceTest.createCustomer2Test(CustomerServiceTest.java:72)
	at sun.reflect.NativeMethodAccessorImpl.invoke0(Native Method)
	at sun.reflect.NativeMethodAccessorImpl.invoke(NativeMethodAccessorImpl.java:62)
	at sun.reflect.DelegatingMethodAccessorImpl.invoke(DelegatingMethodAccessorImpl.java:43)
	at java.lang.reflect.Method.invoke(Method.java:498)
	at org.junit.runners.model.FrameworkMethod$1.runReflectiveCall(FrameworkMethod.java:50)
	at org.junit.internal.runners.model.ReflectiveCallable.run(ReflectiveCallable.java:12)
	at org.junit.runners.model.FrameworkMethod.invokeExplosively(FrameworkMethod.java:47)
	at org.junit.internal.runners.statements.InvokeMethod.evaluate(InvokeMethod.java:17)
	at org.junit.internal.runners.statements.RunBefores.evaluate(RunBefores.java:26)
	at org.junit.runners.ParentRunner.runLeaf(ParentRunner.java:325)
	at org.junit.runners.BlockJUnit4ClassRunner.runChild(BlockJUnit4ClassRunner.java:78)
	at org.junit.runners.BlockJUnit4ClassRunner.runChild(BlockJUnit4ClassRunner.java:57)
	at org.junit.runners.ParentRunner$3.run(ParentRunner.java:290)
	at org.junit.runners.ParentRunner$1.schedule(ParentRunner.java:71)
	at org.junit.runners.ParentRunner.runChildren(ParentRunner.java:288)
	at org.junit.runners.ParentRunner.access$000(ParentRunner.java:58)
	at org.junit.runners.ParentRunner$2.evaluate(ParentRunner.java:268)
	at org.junit.runners.ParentRunner.run(ParentRunner.java:363)
	at org.junit.runner.JUnitCore.run(JUnitCore.java:137)
	at com.intellij.junit4.JUnit4IdeaTestRunner.startRunnerWithArgs(JUnit4IdeaTestRunner.java:68)
	at com.intellij.rt.execution.junit.IdeaTestRunner$Repeater.startRunnerWithArgs(IdeaTestRunner.java:51)
	at com.intellij.rt.execution.junit.JUnitStarter.prepareStreamsAndStart(JUnitStarter.java:237)
	at com.intellij.rt.execution.junit.JUnitStarter.main(JUnitStarter.java:70)
[INFO ] 2017-12-19 11:00:16,479 method:me.w1992wishes.webgrowth.chapter02.helper.DatabaseHelper2.insertEntity(DatabaseHelper2.java:162)
INSERT INTO customer(contact, name, telephone, email) VALUES (? , ? , ? , ? )
[INFO ] 2017-12-19 11:09:39,596 method:me.w1992wishes.webgrowth.chapter02.helper.DatabaseHelper2.deleteEntity(DatabaseHelper2.java:209)
DELETE FROM customer WHERE id = ?
[INFO ] 2017-12-19 12:00:34,312 method:me.w1992wishes.webgrowth.chapter02.helper.DatabaseHelper2.insertEntity(DatabaseHelper2.java:162)
INSERT INTO customer(contact, name, telephone, email) VALUES (? , ? , ? , ? )
